# JRE version: OpenJDK Runtime Environment Temurin-21.0.7+6 (21.0.7+6) (build 21.0.7+6-LTS)
# Java VM: OpenJDK 64-Bit Server VM Temurin-21.0.7+6 (21.0.7+6-LTS, mixed mode, sharing, tiered, compressed oops, compressed class ptrs, parallel gc, windows-amd64)
GC Precious Log:
 CardTable entry size: 512
 CPUs: 16 total, 16 available
 Memory: 16147M
 Large Page Support: Disabled
 NUMA Support: Disabled
 Compressed Oops: Enabled (32-bit)
 Alignments: Space 512K, Generation 512K, Heap 2M
 Heap Min Capacity: 100M
 Heap Initial Capacity: 100M
 Heap Max Capacity: 2G
 Pre-touch: Disabled
 Parallel Workers: 13
Heap:
 PSYoungGen      total 5120K, used 4992K [0x00000000d5580000, 0x00000000d5e80000, 0x0000000100000000)
  eden space 4096K, 100% used [0x00000000d5580000,0x00000000d5980000,0x00000000d5980000)
  from space 1024K, 87% used [0x00000000d5d80000,0x00000000d5e60000,0x00000000d5e80000)
  to   space 2560K, 15% used [0x00000000d5980000,0x00000000d59e0000,0x00000000d5c00000)
 ParOldGen       total 499200K, used 299050K [0x0000000080000000, 0x000000009e780000, 0x00000000d5580000)
  object space 499200K, 59% used [0x0000000080000000,0x000000009240a950,0x000000009e780000)
 Metaspace       used 71725K, committed 73152K, reserved 1179648K
  class space    used 7135K, committed 7808K, reserved 1048576K
GC Heap History (20 events):
Event: 1492.099 GC heap after
{Heap after GC invocations=633 (full 4):
 PSYoungGen      total 2560K, used 576K [0x00000000d5580000, 0x00000000d5980000, 0x0000000100000000)
  eden space 512K, 0% used [0x00000000d5580000,0x00000000d5580000,0x00000000d5600000)
  from space 2048K, 28% used [0x00000000d5600000,0x00000000d5690000,0x00000000d5800000)
  to   space 1536K, 0% used [0x00000000d5800000,0x00000000d5800000,0x00000000d5980000)
 ParOldGen       total 499200K, used 286071K [0x0000000080000000, 0x000000009e780000, 0x00000000d5580000)
  object space 499200K, 57% used [0x0000000080000000,0x000000009175df40,0x000000009e780000)
 Metaspace       used 71687K, committed 73152K, reserved 1179648K
  class space    used 7135K, committed 7808K, reserved 1048576K
}
Event: 1492.099 GC heap before
{Heap before GC invocations=634 (full 4):
 PSYoungGen      total 2560K, used 1087K [0x00000000d5580000, 0x00000000d5980000, 0x0000000100000000)
  eden space 512K, 99% used [0x00000000d5580000,0x00000000d55ffff0,0x00000000d5600000)
  from space 2048K, 28% used [0x00000000d5600000,0x00000000d5690000,0x00000000d5800000)
  to   space 1536K, 0% used [0x00000000d5800000,0x00000000d5800000,0x00000000d5980000)
 ParOldGen       total 499200K, used 286071K [0x0000000080000000, 0x000000009e780000, 0x00000000d5580000)
  object space 499200K, 57% used [0x0000000080000000,0x000000009175df40,0x000000009e780000)
 Metaspace       used 71687K, committed 73152K, reserved 1179648K
  class space    used 7135K, committed 7808K, reserved 1048576K
}
Event: 1492.100 GC heap after
{Heap after GC invocations=634 (full 4):
 PSYoungGen      total 2048K, used 640K [0x00000000d5580000, 0x00000000d5900000, 0x0000000100000000)
  eden space 1024K, 0% used [0x00000000d5580000,0x00000000d5580000,0x00000000d5680000)
  from space 1024K, 62% used [0x00000000d5800000,0x00000000d58a0000,0x00000000d5900000)
  to   space 1024K, 0% used [0x00000000d5700000,0x00000000d5700000,0x00000000d5800000)
 ParOldGen       total 499200K, used 286583K [0x0000000080000000, 0x000000009e780000, 0x00000000d5580000)
  object space 499200K, 57% used [0x0000000080000000,0x00000000917ddf40,0x000000009e780000)
 Metaspace       used 71687K, committed 73152K, reserved 1179648K
  class space    used 7135K, committed 7808K, reserved 1048576K
}
Event: 1492.103 GC heap before
{Heap before GC invocations=635 (full 4):
 PSYoungGen      total 2048K, used 1623K [0x00000000d5580000, 0x00000000d5900000, 0x0000000100000000)
  eden space 1024K, 96% used [0x00000000d5580000,0x00000000d5675dc0,0x00000000d5680000)
  from space 1024K, 62% used [0x00000000d5800000,0x00000000d58a0000,0x00000000d5900000)
  to   space 1024K, 0% used [0x00000000d5700000,0x00000000d5700000,0x00000000d5800000)
 ParOldGen       total 499200K, used 286583K [0x0000000080000000, 0x000000009e780000, 0x00000000d5580000)
  object space 499200K, 57% used [0x0000000080000000,0x00000000917ddf40,0x000000009e780000)
 Metaspace       used 71687K, committed 73152K, reserved 1179648K
  class space    used 7135K, committed 7808K, reserved 1048576K
}
Event: 1492.104 GC heap after
{Heap after GC invocations=635 (full 4):
 PSYoungGen      total 2560K, used 1023K [0x00000000d5580000, 0x00000000d5b00000, 0x0000000100000000)
  eden space 1536K, 0% used [0x00000000d5580000,0x00000000d5580000,0x00000000d5700000)
  from space 1024K, 99% used [0x00000000d5700000,0x00000000d57ffc48,0x00000000d5800000)
  to   space 2048K, 0% used [0x00000000d5900000,0x00000000d5900000,0x00000000d5b00000)
 ParOldGen       total 499200K, used 287127K [0x0000000080000000, 0x000000009e780000, 0x00000000d5580000)
  object space 499200K, 57% used [0x0000000080000000,0x0000000091865f40,0x000000009e780000)
 Metaspace       used 71687K, committed 73152K, reserved 1179648K
  class space    used 7135K, committed 7808K, reserved 1048576K
}
Event: 1492.106 GC heap before
{Heap before GC invocations=636 (full 4):
 PSYoungGen      total 2560K, used 2559K [0x00000000d5580000, 0x00000000d5b00000, 0x0000000100000000)
  eden space 1536K, 100% used [0x00000000d5580000,0x00000000d5700000,0x00000000d5700000)
  from space 1024K, 99% used [0x00000000d5700000,0x00000000d57ffc48,0x00000000d5800000)
  to   space 2048K, 0% used [0x00000000d5900000,0x00000000d5900000,0x00000000d5b00000)
 ParOldGen       total 499200K, used 287127K [0x0000000080000000, 0x000000009e780000, 0x00000000d5580000)
  object space 499200K, 57% used [0x0000000080000000,0x0000000091865f40,0x000000009e780000)
 Metaspace       used 71687K, committed 73152K, reserved 1179648K
  class space    used 7135K, committed 7808K, reserved 1048576K
}
Event: 1492.107 GC heap after
{Heap after GC invocations=636 (full 4):
 PSYoungGen      total 3584K, used 1727K [0x00000000d5580000, 0x00000000d5b80000, 0x0000000100000000)
  eden space 1536K, 0% used [0x00000000d5580000,0x00000000d5580000,0x00000000d5700000)
  from space 2048K, 84% used [0x00000000d5900000,0x00000000d5aafc48,0x00000000d5b00000)
  to   space 2048K, 0% used [0x00000000d5700000,0x00000000d5700000,0x00000000d5900000)
 ParOldGen       total 499200K, used 288094K [0x0000000080000000, 0x000000009e780000, 0x00000000d5580000)
  object space 499200K, 57% used [0x0000000080000000,0x0000000091957b88,0x000000009e780000)
 Metaspace       used 71687K, committed 73152K, reserved 1179648K
  class space    used 7135K, committed 7808K, reserved 1048576K
}
Event: 1492.109 GC heap before
{Heap before GC invocations=637 (full 4):
 PSYoungGen      total 3584K, used 3263K [0x00000000d5580000, 0x00000000d5b80000, 0x0000000100000000)
  eden space 1536K, 100% used [0x00000000d5580000,0x00000000d5700000,0x00000000d5700000)
  from space 2048K, 84% used [0x00000000d5900000,0x00000000d5aafc48,0x00000000d5b00000)
  to   space 2048K, 0% used [0x00000000d5700000,0x00000000d5700000,0x00000000d5900000)
 ParOldGen       total 499200K, used 288094K [0x0000000080000000, 0x000000009e780000, 0x00000000d5580000)
  object space 499200K, 57% used [0x0000000080000000,0x0000000091957b88,0x000000009e780000)
 Metaspace       used 71687K, committed 73152K, reserved 1179648K
  class space    used 7135K, committed 7808K, reserved 1048576K
}
Event: 1492.110 GC heap after
{Heap after GC invocations=637 (full 4):
 PSYoungGen      total 3584K, used 1632K [0x00000000d5580000, 0x00000000d5b80000, 0x0000000100000000)
  eden space 1536K, 0% used [0x00000000d5580000,0x00000000d5580000,0x00000000d5700000)
  from space 2048K, 79% used [0x00000000d5700000,0x00000000d5898000,0x00000000d5900000)
  to   space 2048K, 0% used [0x00000000d5980000,0x00000000d5980000,0x00000000d5b80000)
 ParOldGen       total 499200K, used 289621K [0x0000000080000000, 0x000000009e780000, 0x00000000d5580000)
  object space 499200K, 58% used [0x0000000080000000,0x0000000091ad57d0,0x000000009e780000)
 Metaspace       used 71687K, committed 73152K, reserved 1179648K
  class space    used 7135K, committed 7808K, reserved 1048576K
}
Event: 1492.115 GC heap before
{Heap before GC invocations=638 (full 4):
 PSYoungGen      total 3584K, used 3146K [0x00000000d5580000, 0x00000000d5b80000, 0x0000000100000000)
  eden space 1536K, 98% used [0x00000000d5580000,0x00000000d56fabe8,0x00000000d5700000)
  from space 2048K, 79% used [0x00000000d5700000,0x00000000d5898000,0x00000000d5900000)
  to   space 2048K, 0% used [0x00000000d5980000,0x00000000d5980000,0x00000000d5b80000)
 ParOldGen       total 499200K, used 289621K [0x0000000080000000, 0x000000009e780000, 0x00000000d5580000)
  object space 499200K, 58% used [0x0000000080000000,0x0000000091ad57d0,0x000000009e780000)
 Metaspace       used 71688K, committed 73152K, reserved 1179648K
  class space    used 7135K, committed 7808K, reserved 1048576K
}
Event: 1492.116 GC heap after
{Heap after GC invocations=638 (full 4):
 PSYoungGen      total 3072K, used 896K [0x00000000d5580000, 0x00000000d5a80000, 0x0000000100000000)
  eden space 2048K, 0% used [0x00000000d5580000,0x00000000d5580000,0x00000000d5780000)
  from space 1024K, 87% used [0x00000000d5980000,0x00000000d5a60000,0x00000000d5a80000)
  to   space 1536K, 0% used [0x00000000d5780000,0x00000000d5780000,0x00000000d5900000)
 ParOldGen       total 499200K, used 291173K [0x0000000080000000, 0x000000009e780000, 0x00000000d5580000)
  object space 499200K, 58% used [0x0000000080000000,0x0000000091c597d0,0x000000009e780000)
 Metaspace       used 71688K, committed 73152K, reserved 1179648K
  class space    used 7135K, committed 7808K, reserved 1048576K
}
Event: 1492.118 GC heap before
{Heap before GC invocations=639 (full 4):
 PSYoungGen      total 3072K, used 2944K [0x00000000d5580000, 0x00000000d5a80000, 0x0000000100000000)
  eden space 2048K, 100% used [0x00000000d5580000,0x00000000d5780000,0x00000000d5780000)
  from space 1024K, 87% used [0x00000000d5980000,0x00000000d5a60000,0x00000000d5a80000)
  to   space 1536K, 0% used [0x00000000d5780000,0x00000000d5780000,0x00000000d5900000)
 ParOldGen       total 499200K, used 291173K [0x0000000080000000, 0x000000009e780000, 0x00000000d5580000)
  object space 499200K, 58% used [0x0000000080000000,0x0000000091c597d0,0x000000009e780000)
 Metaspace       used 71688K, committed 73152K, reserved 1179648K
  class space    used 7135K, committed 7808K, reserved 1048576K
}
Event: 1492.119 GC heap after
{Heap after GC invocations=639 (full 4):
 PSYoungGen      total 3584K, used 1534K [0x00000000d5580000, 0x00000000d5f00000, 0x0000000100000000)
  eden space 2048K, 0% used [0x00000000d5580000,0x00000000d5580000,0x00000000d5780000)
  from space 1536K, 99% used [0x00000000d5780000,0x00000000d58ff890,0x00000000d5900000)
  to   space 3584K, 0% used [0x00000000d5b80000,0x00000000d5b80000,0x00000000d5f00000)
 ParOldGen       total 499200K, used 292422K [0x0000000080000000, 0x000000009e780000, 0x00000000d5580000)
  object space 499200K, 58% used [0x0000000080000000,0x0000000091d91830,0x000000009e780000)
 Metaspace       used 71688K, committed 73152K, reserved 1179648K
  class space    used 7135K, committed 7808K, reserved 1048576K
}
Event: 1492.122 GC heap before
{Heap before GC invocations=640 (full 4):
 PSYoungGen      total 3584K, used 3582K [0x00000000d5580000, 0x00000000d5f00000, 0x0000000100000000)
  eden space 2048K, 100% used [0x00000000d5580000,0x00000000d5780000,0x00000000d5780000)
  from space 1536K, 99% used [0x00000000d5780000,0x00000000d58ff890,0x00000000d5900000)
  to   space 3584K, 0% used [0x00000000d5b80000,0x00000000d5b80000,0x00000000d5f00000)
 ParOldGen       total 499200K, used 292422K [0x0000000080000000, 0x000000009e780000, 0x00000000d5580000)
  object space 499200K, 58% used [0x0000000080000000,0x0000000091d91830,0x000000009e780000)
 Metaspace       used 71688K, committed 73152K, reserved 1179648K
  class space    used 7135K, committed 7808K, reserved 1048576K
}
Event: 1492.123 GC heap after
{Heap after GC invocations=640 (full 4):
 PSYoungGen      total 5120K, used 2206K [0x00000000d5580000, 0x00000000d5e00000, 0x0000000100000000)
  eden space 2560K, 0% used [0x00000000d5580000,0x00000000d5580000,0x00000000d5800000)
  from space 2560K, 86% used [0x00000000d5b80000,0x00000000d5da7890,0x00000000d5e00000)
  to   space 2560K, 0% used [0x00000000d5900000,0x00000000d5900000,0x00000000d5b80000)
 ParOldGen       total 499200K, used 294012K [0x0000000080000000, 0x000000009e780000, 0x00000000d5580000)
  object space 499200K, 58% used [0x0000000080000000,0x0000000091f1f0c0,0x000000009e780000)
 Metaspace       used 71688K, committed 73152K, reserved 1179648K
  class space    used 7135K, committed 7808K, reserved 1048576K
}
Event: 1492.126 GC heap before
{Heap before GC invocations=641 (full 4):
 PSYoungGen      total 5120K, used 4766K [0x00000000d5580000, 0x00000000d5e00000, 0x0000000100000000)
  eden space 2560K, 100% used [0x00000000d5580000,0x00000000d5800000,0x00000000d5800000)
  from space 2560K, 86% used [0x00000000d5b80000,0x00000000d5da7890,0x00000000d5e00000)
  to   space 2560K, 0% used [0x00000000d5900000,0x00000000d5900000,0x00000000d5b80000)
 ParOldGen       total 499200K, used 294012K [0x0000000080000000, 0x000000009e780000, 0x00000000d5580000)
  object space 499200K, 58% used [0x0000000080000000,0x0000000091f1f0c0,0x000000009e780000)
 Metaspace       used 71688K, committed 73152K, reserved 1179648K
  class space    used 7135K, committed 7808K, reserved 1048576K
}
Event: 1492.127 GC heap after
{Heap after GC invocations=641 (full 4):
 PSYoungGen      total 5632K, used 2560K [0x00000000d5580000, 0x00000000d6280000, 0x0000000100000000)
  eden space 3072K, 0% used [0x00000000d5580000,0x00000000d5580000,0x00000000d5880000)
  from space 2560K, 100% used [0x00000000d5900000,0x00000000d5b80000,0x00000000d5b80000)
  to   space 5120K, 0% used [0x00000000d5d80000,0x00000000d5d80000,0x00000000d6280000)
 ParOldGen       total 499200K, used 296130K [0x0000000080000000, 0x000000009e780000, 0x00000000d5580000)
  object space 499200K, 59% used [0x0000000080000000,0x0000000092130950,0x000000009e780000)
 Metaspace       used 71688K, committed 73152K, reserved 1179648K
  class space    used 7135K, committed 7808K, reserved 1048576K
}
Event: 1495.787 GC heap before
{Heap before GC invocations=642 (full 4):
 PSYoungGen      total 5632K, used 5632K [0x00000000d5580000, 0x00000000d6280000, 0x0000000100000000)
  eden space 3072K, 100% used [0x00000000d5580000,0x00000000d5880000,0x00000000d5880000)
  from space 2560K, 100% used [0x00000000d5900000,0x00000000d5b80000,0x00000000d5b80000)
  to   space 5120K, 0% used [0x00000000d5d80000,0x00000000d5d80000,0x00000000d6280000)
 ParOldGen       total 499200K, used 296130K [0x0000000080000000, 0x000000009e780000, 0x00000000d5580000)
  object space 499200K, 59% used [0x0000000080000000,0x0000000092130950,0x000000009e780000)
 Metaspace       used 71694K, committed 73152K, reserved 1179648K
  class space    used 7135K, committed 7808K, reserved 1048576K
}
Event: 1495.791 GC heap after
{Heap after GC invocations=642 (full 4):
 PSYoungGen      total 5120K, used 896K [0x00000000d5580000, 0x00000000d5e80000, 0x0000000100000000)
  eden space 4096K, 0% used [0x00000000d5580000,0x00000000d5580000,0x00000000d5980000)
  from space 1024K, 87% used [0x00000000d5d80000,0x00000000d5e60000,0x00000000d5e80000)
  to   space 2560K, 0% used [0x00000000d5980000,0x00000000d5980000,0x00000000d5c00000)
 ParOldGen       total 499200K, used 298658K [0x0000000080000000, 0x000000009e780000, 0x00000000d5580000)
  object space 499200K, 59% used [0x0000000080000000,0x00000000923a8950,0x000000009e780000)
 Metaspace       used 71694K, committed 73152K, reserved 1179648K
  class space    used 7135K, committed 7808K, reserved 1048576K
}
Event: 2660.094 GC heap before
{Heap before GC invocations=643 (full 4):
 PSYoungGen      total 5120K, used 4992K [0x00000000d5580000, 0x00000000d5e80000, 0x0000000100000000)
  eden space 4096K, 100% used [0x00000000d5580000,0x00000000d5980000,0x00000000d5980000)
  from space 1024K, 87% used [0x00000000d5d80000,0x00000000d5e60000,0x00000000d5e80000)
  to   space 2560K, 0% used [0x00000000d5980000,0x00000000d5980000,0x00000000d5c00000)
 ParOldGen       total 499200K, used 298658K [0x0000000080000000, 0x000000009e780000, 0x00000000d5580000)
  object space 499200K, 59% used [0x0000000080000000,0x00000000923a8950,0x000000009e780000)
 Metaspace       used 71725K, committed 73152K, reserved 1179648K
  class space    used 7135K, committed 7808K, reserved 1048576K
}

